<?xml version="1.0" encoding="utf-8"?><testsuites name="pytest tests"><testsuite name="pytest" errors="0" failures="0" skipped="0" tests="13" time="8.892" timestamp="2026-04-11T08:29:01.467326+00:00" hostname="agent-env-5f980cdc-9948-4975-b45a-48f486f7763c"><testcase classname="backend.tests.test_password_reset.TestHealthCheck" name="test_health_endpoint" time="0.209" /><testcase classname="backend.tests.test_password_reset.TestForgotPassword" name="test_forgot_password_valid_email" time="1.243" /><testcase classname="backend.tests.test_password_reset.TestForgotPassword" name="test_forgot_password_nonexistent_email" time="0.047" /><testcase classname="backend.tests.test_password_reset.TestForgotPassword" name="test_forgot_password_invalid_email_format" time="0.044" /><testcase classname="backend.tests.test_password_reset.TestVerifyResetToken" name="test_verify_valid_token" time="1.107" /><testcase classname="backend.tests.test_password_reset.TestVerifyResetToken" name="test_verify_invalid_token" time="0.048" /><testcase classname="backend.tests.test_password_reset.TestVerifyResetToken" name="test_verify_expired_token" time="0.047" /><testcase classname="backend.tests.test_password_reset.TestResetPassword" name="test_reset_password_success" time="1.252" /><testcase classname="backend.tests.test_password_reset.TestResetPassword" name="test_login_with_new_password" time="0.268" /><testcase classname="backend.tests.test_password_reset.TestResetPassword" name="test_reset_password_invalid_token" time="0.043" /><testcase classname="backend.tests.test_password_reset.TestResetPassword" name="test_reset_password_short_password" time="0.975" /><testcase classname="backend.tests.test_password_reset.TestResetPassword" name="test_token_cannot_be_reused" time="1.498" /><testcase classname="backend.tests.test_password_reset.TestCleanup" name="test_restore_admin_password" time="1.979" /></testsuite></testsuites>