<?xml version="1.0" encoding="utf-8"?><testsuites name="pytest tests"><testsuite name="pytest" errors="0" failures="0" skipped="0" tests="12" time="5.462" timestamp="2026-04-11T07:19:18.124181+00:00" hostname="agent-env-5f980cdc-9948-4975-b45a-48f486f7763c"><testcase classname="backend.tests.test_services_clients.TestHealthAndAuth" name="test_health_check" time="0.233" /><testcase classname="backend.tests.test_services_clients.TestHealthAndAuth" name="test_admin_login" time="0.337" /><testcase classname="backend.tests.test_services_clients.TestHealthAndAuth" name="test_login_invalid_credentials" time="0.103" /><testcase classname="backend.tests.test_services_clients.TestClientsAPI" name="test_get_clients_list" time="0.433" /><testcase classname="backend.tests.test_services_clients.TestClientsAPI" name="test_get_client_by_phone" time="0.425" /><testcase classname="backend.tests.test_services_clients.TestClientsAPI" name="test_update_client" time="0.538" /><testcase classname="backend.tests.test_services_clients.TestServicesAPI" name="test_create_service_record_with_mileage" time="0.470" /><testcase classname="backend.tests.test_services_clients.TestServicesAPI" name="test_get_service_records" time="0.434" /><testcase classname="backend.tests.test_services_clients.TestServicesAPI" name="test_get_service_records_by_client" time="0.476" /><testcase classname="backend.tests.test_services_clients.TestServicesAPI" name="test_update_service_record" time="0.638" /><testcase classname="backend.tests.test_services_clients.TestServicesAPI" name="test_delete_service_record" time="0.623" /><testcase classname="backend.tests.test_services_clients.TestCleanup" name="test_cleanup_test_records" time="0.669" /></testsuite></testsuites>